2025-03-29 00:00:12 [APP_INFO] : 应用启动
2025-03-29 00:00:44 [APP-INFO] : 应用启动
2025-03-29 00:03:50 [APP-INFO] : 应用启动
2025-03-29 00:05:34 [APP-INFO] : 应用启动
2025-03-29 00:10:11 [APP-INFO] : 应用启动
2025-03-29 00:10:54 [APP-INFO] : 应用启动
2025-03-29 00:11:00 [USER-INFO]: user:asdf登陆成功
2025-03-29 00:12:12 [APP-INFO] : 应用启动
2025-03-29 00:12:17 [USER-INFO]: user:dfdfdf登录失败，原因：无该用户
2025-03-29 00:12:26 [USER-INFO]: user:asdf登陆成功
2025-03-29 00:18:31 [APP-INFO] : 应用启动
2025-03-29 00:18:36 [USER-INFO]: User：as登录失败，原因：无该用户
2025-03-29 00:19:02 [USER-INFO]: User：asdf登录失败，原因：密码错误
2025-03-29 00:19:10 [USER-INFO]: User：asdf登录失败，原因：密码错误
2025-03-29 00:20:11 [APP-INFO]  : 应用启动
2025-03-29 00:20:14 [USER-INFO]: User：df登录失败，原因：无该用户
2025-03-29 00:21:15 [APP-INFO]  : 应用启动
2025-03-29 00:21:19 [USER-INFO]: User：asdf登录失败，原因：密码错误
2025-03-29 00:23:08 [APP-INFO]  : 应用启动
2025-03-29 00:23:14 [USER-INFO]: User：asdf登录失败，原因：密码错误
2025-03-29 00:23:43 [APP-INFO]  : 应用启动
2025-03-29 00:23:50 [USER-INFO]: User：asdf登录失败，原因：密码错误
2025-03-29 00:25:30 [APP-INFO]  : 应用启动
2025-03-29 00:25:36 [USER-INFO]: User：assf登录失败，原因：无该用户
2025-03-29 00:26:07 [APP-INFO]  : 应用启动
2025-03-29 00:26:11 [USER-INFO]: User：user登录失败，原因：无该用户
2025-03-29 00:27:24 [APP-INFO]  : 应用启动
2025-03-29 00:27:31 [USER-INFO]: User:asdf登陆成功
2025-03-29 00:27:40 [USER-INFO]: User：asdf登录失败，原因：密码错误
2025-03-29 00:29:42 [APP-INFO]    : 应用启动
2025-03-29 00:29:48 [USER-INFO]  : User：asdf登录失败，原因：密码错误
2025-03-29 00:29:53 [USER-INFO]  : User：er登录失败，原因：无该用户
2025-03-29 00:29:58 [USER-INFO]  : User:asdf登陆成功
2025-03-29 00:30:00 [USER-INFO]  : User：退出成功
2025-03-29 00:39:28 [APP-INFO]    : 应用启动
2025-03-29 00:40:59 [APP-INFO]    : 应用启动
2025-03-29 00:41:02 [USER-INFO]  : User:asdf登陆成功
2025-03-29 00:41:03 [USER-INFO]  : User：退出成功
2025-03-29 00:41:36 [APP-INFO]    : 应用启动
2025-03-29 00:41:47 [USER-INFO]  : User:asdf登陆成功
2025-03-29 00:41:49 [USER-INFO]  : User：退出成功
2025-03-29 13:21:13 [APP-INFO]    : 应用启动
2025-03-29 22:41:34 [APP-INFO]    : 应用启动
2025-03-29 22:41:41 [USER-INFO]  : User:asdf登陆成功
2025-03-29 22:50:25 [APP-INFO]    : 应用启动
2025-03-29 22:50:37 [USER-INFO]  : User：rffr登录失败，原因：无该用户
2025-03-29 22:50:55 [USER-INFO]  : User：asdf登录失败，原因：密码错误
2025-03-29 22:51:06 [USER-INFO]  : User:asdf登陆成功
2025-03-29 22:51:16 [USER-INFO]  : User：退出成功
2025-03-29 23:35:03 [APP-INFO]    : 应用启动
2025-03-29 23:35:26 [APP-INFO]    : 应用启动
2025-03-29 23:35:44 [USER-INFO]  : User：admin登录失败，原因：无该用户
2025-03-29 23:36:01 [APP-INFO]    : 应用启动
2025-03-29 23:36:08 [USER-INFO]  : User：admin登录失败，原因：无该用户
2025-03-29 23:36:46 [APP-INFO]    : 应用启动
2025-03-29 23:36:58 [USER-INFO]  : User：admin登录失败，原因：密码错误
2025-03-29 23:37:05 [USER-INFO]  : User:admin登陆成功
2025-03-29 23:38:31 [APP-INFO]    : 应用启动
2025-03-29 23:38:40 [USER-INFO]  : User:admin登陆成功
2025-03-30 00:16:14 [APP-INFO]    : 应用启动
2025-03-30 00:16:19 [USER-INFO]  : User:admin登陆成功
2025-03-30 00:18:34 [APP-INFO]    : 应用启动
2025-03-30 00:19:31 [APP-INFO]    : 应用启动
2025-03-30 00:19:39 [USER-INFO]  : User:admin登陆成功
2025-03-30 00:24:01 [APP-INFO]    : 应用启动
2025-03-30 00:24:13 [USER-INFO]  : User:admin登陆成功
2025-03-30 00:29:57 [APP-INFO]    : 应用启动
2025-03-30 00:30:05 [USER-INFO]  : User:admin登陆成功
2025-03-30 00:33:46 [APP-INFO]    : 应用启动
2025-03-30 00:34:14 [USER-INFO]  : User:admin登陆成功
2025-03-30 00:34:18 [FILE_OUT]    : User：admin成功生成文件borrowed_book.html
2025-03-30 00:37:31 [APP-INFO]    : 应用启动
2025-03-30 00:41:38 [APP-INFO]    : 应用启动
2025-03-30 00:43:08 [APP-INFO]    : 应用启动
2025-03-30 00:45:08 [APP-INFO]    : 应用启动
2025-03-30 00:51:05 [APP-INFO]    : 应用启动
2025-03-30 00:51:09 [USER-INFO]  : User:admin登陆成功
2025-03-30 00:52:41 [ERROR]        : 无法读取用户文件
2025-03-30 00:52:41 [APP-INFO]    : 应用启动
2025-03-30 00:53:15 [APP-INFO]    : 应用启动
2025-03-30 00:53:30 [APP-INFO]    : 应用启动
2025-03-30 00:53:38 [USER-INFO]  : User:admin登陆成功
2025-03-30 00:53:42 [FILE_OUT]    : User：admin成功生成文件borrowed_book.html
2025-03-30 00:55:17 [APP-INFO]    : 应用启动
2025-03-30 00:55:22 [USER-INFO]  : User:admin登陆成功
2025-03-30 00:59:38 [APP-INFO]    : 应用启动
2025-03-30 00:59:43 [USER-INFO]  : User:admin登陆成功
2025-03-30 01:01:12 [APP-INFO]      : 应用启动
2025-03-30 01:01:20 [USER-INFO]    : User:admin登陆成功
2025-03-30 01:01:24 [FILE-OUT]       : User：admin成功生成文件borrowed_book.html
2025-03-30 01:03:16 [APP-INFO]      : 应用启动
2025-03-30 01:03:25 [USER-INFO]    : User:admin登陆成功
2025-03-30 01:03:29 [FILE-OUT]       : User：admin成功生成文件borrowed_book.html
2025-03-30 07:56:18 [APP-INFO]      : 应用启动
2025-03-30 07:56:31 [USER-INFO]    : User：jikfdkm登录失败，原因：无该用户
2025-03-30 07:56:47 [USER-INFO]    : User：admin登录失败，原因：密码错误
2025-03-30 07:57:01 [USER-INFO]    : User:admin登陆成功
2025-03-30 07:57:43 [FILE-OUT]       : User：admin成功生成文件borrowed_book.html
2025-03-30 07:58:05 [USER-INFO]    : User：admin退出成功
2025-03-30 08:02:55 [APP-INFO]      : 应用启动
2025-03-30 08:03:19 [APP-INFO]      : 应用启动
2025-03-30 08:03:24 [APP-INFO]      : 软件已退出
2025-03-30 08:05:26 [APP-INFO]      : 应用启动
2025-03-30 08:05:40 [USER-INFO]    : User:xxx登陆成功
2025-03-30 08:06:17 [USER-INFO]    : User：xxx借书失败，原因：借书数量已达上限
2025-03-30 08:08:15 [APP-INFO]      : 应用启动
2025-03-30 08:08:22 [USER-INFO]    : User:admin登陆成功
2025-03-30 08:08:22 [APP-INFO]      : 文件重写成功
2025-03-30 08:08:22 [APP-INFO]      : 文件重写成功
2025-03-30 08:08:32 [USER-INFO]    : User：admin借书成功
2025-03-30 08:08:32 [APP-INFO]      : 文件重写成功
2025-03-30 08:08:32 [APP-INFO]      : 文件重写成功
2025-03-30 08:08:50 [USER-INFO]    : User：admin退出成功
2025-03-30 08:08:50 [APP-INFO]      : 文件重写成功
2025-03-30 08:08:58 [USER-INFO]    : User:admin登陆成功
2025-03-30 08:08:58 [APP-INFO]      : 文件重写成功
2025-03-30 08:08:58 [APP-INFO]      : 文件重写成功
2025-03-30 08:09:02 [FILE-OUT]       : User：admin成功生成文件borrowed_book.html
2025-03-30 08:09:02 [APP-INFO]      : 文件重写成功
2025-03-30 08:09:02 [APP-INFO]      : 文件重写成功
2025-03-30 08:09:21 [USER-INFO]    : User：admin退出成功
2025-03-30 08:09:21 [APP-INFO]      : 文件重写成功
2025-03-30 08:09:25 [APP-INFO]      : 软件已退出
2025-03-30 08:14:04 [APP-INFO]      : 应用启动
2025-03-30 08:16:51 [APP-INFO]      : 应用启动
2025-03-30 08:16:57 [USER-INFO]    : User:admin登陆成功
2025-03-30 08:16:57 [APP-INFO]      : 文件重写成功
2025-03-30 08:17:07 [APP-INFO]      : 文件重写成功
2025-03-30 08:17:08 [APP-INFO]      : 文件重写成功
2025-03-30 08:17:08 [APP-INFO]      : 文件重写成功
2025-03-30 08:17:09 [APP-INFO]      : 文件重写成功
2025-03-30 08:17:09 [APP-INFO]      : 文件重写成功
2025-03-30 08:17:10 [APP-INFO]      : 文件重写成功
2025-03-30 08:17:10 [APP-INFO]      : 文件重写成功
2025-03-30 08:17:10 [APP-INFO]      : 文件重写成功
2025-03-30 08:17:10 [APP-INFO]      : 文件重写成功
2025-03-30 08:17:11 [APP-INFO]      : 文件重写成功
2025-03-30 08:17:25 [APP-INFO]      : 文件重写成功
2025-03-30 08:17:30 [USER-INFO]    : User：admin退出成功
2025-03-30 08:17:30 [APP-INFO]      : 文件重写成功
2025-03-30 08:17:52 [APP-INFO]      : 文件重写成功
2025-03-30 08:17:57 [APP-INFO]      : 软件已退出
2025-03-30 08:18:44 [APP-INFO]      : 应用启动
2025-03-30 08:18:48 [USER-INFO]    : User:xxx登陆成功
2025-03-30 08:18:48 [APP-INFO]      : 文件重写成功
2025-03-30 08:18:56 [USER-INFO]    : User：xxx借书失败，原因：借书数量已达上限
2025-03-30 08:18:56 [APP-INFO]      : 文件重写成功
2025-03-30 08:19:38 [USER-INFO]    : User：xxx退出成功
2025-03-30 08:19:38 [APP-INFO]      : 文件重写成功
2025-03-30 08:20:17 [USER-INFO]    : User:asdf登陆成功
2025-03-30 08:20:17 [APP-INFO]      : 文件重写成功
2025-03-30 08:20:26 [USER-INFO]    : User：asdf借书成功
2025-03-30 08:20:26 [APP-INFO]      : 文件重写成功
2025-03-30 08:20:44 [USER-INFO]    : User：asdf退出成功
2025-03-30 08:20:44 [APP-INFO]      : 文件重写成功
2025-03-30 08:20:46 [APP-INFO]      : 文件重写成功
2025-03-30 08:20:55 [USER-INFO]    : User:admin登陆成功
2025-03-30 08:20:55 [APP-INFO]      : 文件重写成功
2025-03-30 08:21:02 [FILE-OUT]       : User：admin成功生成文件borrowed_book.html
2025-03-30 08:21:02 [APP-INFO]      : 文件重写成功
2025-03-30 08:21:31 [USER-INFO]    : User：admin退出成功
2025-03-30 08:21:31 [APP-INFO]      : 文件重写成功
2025-03-30 08:21:43 [USER-INFO]    : User:asdf登陆成功
2025-03-30 08:21:43 [APP-INFO]      : 文件重写成功
2025-03-30 08:21:51 [USER-INFO]    : User：asdf借书失败，原因：借书数量已达上限
2025-03-30 08:21:51 [APP-INFO]      : 文件重写成功
2025-03-30 08:22:09 [USER-INFO]    : User：asdf退出成功
2025-03-30 08:22:09 [APP-INFO]      : 文件重写成功
2025-03-30 08:22:13 [APP-INFO]      : 软件已退出
2025-03-30 08:24:09 [APP-INFO]      : 应用启动
2025-03-30 08:39:23 [APP-INFO]      : 应用启动
2025-03-30 08:39:31 [USER-INFO]    : User:asdf登陆成功
2025-03-30 08:39:46 [APP-INFO]      : 文件重写成功
2025-03-30 08:39:46 [USER-INFO]    : User：asdf还书成功
2025-03-30 08:40:01 [USER-INFO]    : User：asdf退出成功
2025-03-30 08:40:06 [USER-INFO]    : User:admin登陆成功
2025-03-30 08:40:10 [FILE-OUT]       : User：admin成功生成文件borrowed_book.html
2025-03-30 08:40:16 [USER-INFO]    : User：admin退出成功
2025-03-30 08:40:18 [APP-INFO]      : 软件已退出
2025-03-30 09:09:43 [APP-INFO]      : 

应用启动
2025-03-30 09:11:01 [APP-INFO]      : 

应用启动
2025-03-30 09:11:12 [USER-INFO]    : User:asdf登陆成功
2025-03-30 09:11:21 [USER-INFO]    : User：asdf借书成功
2025-03-30 09:11:21 [APP-INFO]      : 文件重写成功
2025-03-30 09:11:25 [USER-INFO]    : User：asdf退出成功
2025-03-30 09:11:33 [USER-INFO]    : User:admin登陆成功
2025-03-30 09:11:37 [FILE-OUT]       : User：admin成功生成文件borrowed_book.html
2025-03-30 09:11:54 [USER-INFO]    : User：admin退出成功
2025-03-30 09:12:03 [USER-INFO]    : User:asdf登陆成功
2025-03-30 09:12:26 [APP-INFO]      : 文件重写成功
2025-03-30 09:12:26 [USER-INFO]    : User：asdf还书成功
2025-03-30 09:14:32 [APP-INFO]      : 

应用启动
2025-03-30 09:14:38 [USER-INFO]    : User:asdf登陆成功
2025-03-30 09:15:29 [APP-INFO]      : 

应用启动
2025-03-30 09:15:34 [USER-INFO]    : User:asdf登陆成功
2025-03-30 09:15:45 [APP-INFO]      : 文件重写成功
2025-03-30 09:15:45 [USER-INFO]    : User：asdf还书成功
2025-03-30 09:18:53 
: 
2025-03-30 09:18:53 [APP-INFO]      : 应用启动
2025-03-30 09:18:58 [USER-INFO]    : User:asdf登陆成功
2025-03-30 09:19:26 [USER-INFO]    : User：asdf借书成功
2025-03-30 09:19:26 [APP-INFO]      : 文件重写成功
2025-03-30 09:19:47 [USER-INFO]    : User：asdf借书成功
2025-03-30 09:19:47 [APP-INFO]      : 文件重写成功
2025-03-30 09:20:21 [APP-INFO]      : 文件重写成功
2025-03-30 09:20:21 [USER-INFO]    : User：asdf还书成功
2025-03-30 09:20:50 [USER-INFO]    : User：asdf退出成功
2025-03-30 09:20:54 [USER-INFO]    : User:admin登陆成功
2025-03-30 09:21:18 [FILE-OUT]       : User：admin成功生成文件borrowed_book.html
2025-03-30 09:21:24 [USER-INFO]    : User：admin退出成功
2025-03-30 09:21:28 [APP-INFO]      : 软件已退出
2025-03-30 09:23:48 
: 
2025-03-30 09:23:48 [APP-INFO]      : 应用启动
2025-03-30 09:25:45 
: 
2025-03-30 09:25:45 [APP-INFO]      : 应用启动
2025-03-30 09:29:04 
: 
2025-03-30 09:29:04 [APP-INFO]      : 应用启动
2025-03-30 09:30:12 
: 
2025-03-30 09:30:12 [APP-INFO]      : 应用启动
2025-03-30 09:36:18 
: 
2025-03-30 09:36:18 [APP-INFO]      : 应用启动
2025-03-30 09:41:55 
: 
2025-03-30 09:41:55 [APP-INFO]      : 应用启动
2025-03-30 09:44:15 
: 
2025-03-30 09:44:15 [APP-INFO]      : 应用启动
2025-03-30 09:47:02 
: 
2025-03-30 09:47:02 [APP-INFO]      : 应用启动
2025-03-30 09:53:32 
: 
2025-03-30 09:53:32 [APP-INFO]      : 应用启动
2025-03-30 09:56:39 
: 
2025-03-30 09:56:39 [APP-INFO]      : 应用启动
2025-03-30 10:01:29 
: 
2025-03-30 10:01:29 [APP-INFO]      : 应用启动
2025-03-30 10:01:54 [USER-INFO]    : User:admin登陆成功
2025-03-30 10:02:10 [APP-INFO]      : 文件重写成功
2025-03-30 10:02:10 [USER-INFO]    : User：admin添加用户成功
2025-03-30 10:02:17 [USER-INFO]    : User：admin退出成功
2025-03-30 10:02:24 [USER-INFO]    : User:guanboyuan登陆成功
2025-03-30 10:02:35 [USER-INFO]    : User：guanboyuan借书成功
2025-03-30 10:02:35 [APP-INFO]      : 文件重写成功
2025-03-30 10:02:44 [APP-INFO]      : 文件重写成功
2025-03-30 10:02:44 [USER-INFO]    : User：guanboyuan还书成功
2025-03-30 10:03:28 [USER-INFO]    : User：guanboyuan还书失败，原因：序号错误
2025-03-30 10:05:15 [USER-INFO]    : User：guanboyuan退出成功
2025-03-30 10:05:21 [USER-INFO]    : User:admin登陆成功
2025-03-30 10:05:35 [APP-INFO]      : 文件重写成功
2025-03-30 10:05:35 [USER-INFO]    : User：admin删除用户成功
2025-03-30 10:05:40 [USER-INFO]    : User：admin退出成功
2025-03-30 10:05:51 [USER-INFO]    : User：guanboyuan登录失败，原因：无该用户
2025-03-30 10:05:57 [APP-INFO]      : 软件已退出
2025-03-30 10:10:32 
: 
2025-03-30 10:10:32 [APP-INFO]      : 应用启动
2025-03-30 10:10:37 [USER-INFO]    : User：admin登陆成功
2025-03-30 10:11:02 [APP-INFO]      : 文件重写成功
2025-03-30 10:11:02 [USER-INFO]    : User：admin添加用户guanboyuan成功
2025-03-30 10:11:07 [USER-INFO]    : User：admin退出成功
2025-03-30 10:11:53 [USER-INFO]    : User：guanboyuan登陆成功
2025-03-30 10:12:04 [USER-INFO]    : User：guanboyuan借书成功
2025-03-30 10:12:04 [APP-INFO]      : 文件重写成功
2025-03-30 10:12:54 [USER-INFO]    : User：guanboyuan退出成功
2025-03-30 10:13:06 [USER-INFO]    : User：admin登陆成功
2025-03-30 10:13:25 [FILE-OUT]       : User：admin成功生成文件borrowed_book.html
2025-03-30 10:19:45 
: 
2025-03-30 10:19:45 [APP-INFO]      : 应用启动
2025-03-30 10:22:51 
: 
2025-03-30 10:22:51 [APP-INFO]      : 应用启动
2025-03-30 10:27:20 
: 
2025-03-30 10:27:20 [APP-INFO]      : 应用启动
2025-03-30 10:27:46 
: 
2025-03-30 10:27:46 [APP-INFO]      : 应用启动
2025-03-30 10:36:24 
: 
2025-03-30 10:36:24 [APP-INFO]      : 应用启动
2025-03-30 10:36:33 [USER-INFO]    : User：guanboyuan登陆成功
2025-03-30 10:36:54 [APP-INFO]      : 文件重写成功
2025-03-30 10:36:54 [USER-INFO]    : User：guanboyuan还书成功
2025-03-30 10:37:03 [USER-INFO]    : User：guanboyuan退出成功
2025-03-30 10:37:16 [USER-INFO]    : User：guanboyuan登陆成功
2025-03-30 10:37:25 [USER-INFO]    : User：guanboyuan借书成功
2025-03-30 10:37:25 [APP-INFO]      : 文件重写成功
2025-03-30 10:37:30 [USER-INFO]    : User：guanboyuan退出成功
2025-03-30 10:37:40 [USER-INFO]    : User：admin登陆成功
2025-03-30 10:38:19 [FILE-OUT]       : User：admin成功生成文件borrowed_book.html
2025-03-30 10:42:01 
: 
2025-03-30 10:42:01 [APP-INFO]      : 应用启动
2025-03-30 10:43:15 [USER-INFO]    : User：admin登陆成功
2025-03-30 10:43:58 [APP-INFO]      : 文件重写成功
2025-03-30 10:43:58 [BORROW]          : User：admin借书成功
2025-03-30 10:44:25 [APP-INFO]      : 文件重写成功
2025-03-30 10:44:25 [BORROW]          : User：admin借书成功
2025-03-30 10:44:54 [APP-INFO]      : 文件重写成功
2025-03-30 10:44:54 [BORROW]          : User：admin借书成功
2025-03-30 10:45:31 [USER-INFO]    : User：admin退出成功
2025-03-30 10:45:57 [USER-INFO]    : User：guanboyuan登录失败，原因：密码错误
2025-03-30 10:52:04 [USER-INFO]    : User：guanboyuan登陆成功
2025-03-30 10:52:18 [BORROW]          : User：guanboyuan借书成功
2025-03-30 10:52:18 [APP-INFO]      : 文件重写成功
2025-03-30 10:53:26 [BORROW]          : User：guanboyuan借书失败，原因：借书数量已达上限
2025-03-30 10:57:21 [APP-INFO]      : 文件重写成功
2025-03-30 10:57:21 [RETURN]          : User：guanboyuan还书成功
2025-03-30 10:58:04 [BORROW]          : User：guanboyuan借书成功
2025-03-30 10:58:04 [APP-INFO]      : 文件重写成功
2025-03-30 10:58:23 [BORROW]          : User：guanboyuan借书失败，原因：借书数量已达上限
2025-03-30 10:59:18 [APP-INFO]      : 文件重写成功
2025-03-30 10:59:18 [RETURN]          : User：guanboyuan还书成功
2025-03-30 10:59:26 [RETURN]          : User：guanboyuan还书失败，原因：序号错误
2025-03-30 10:59:55 [APP-INFO]      : 文件重写成功
2025-03-30 10:59:55 [RETURN]          : User：guanboyuan还书成功
2025-03-30 11:00:15 [USER-INFO]    : User：guanboyuan退出成功
2025-03-30 11:03:59 [APP-INFO]      : 软件已退出
2025-03-30 11:11:34 
: 
2025-03-30 11:11:34 [APP-INFO]      : 应用启动
2025-03-30 11:11:55 
: 
2025-03-30 11:11:55 [APP-INFO]      : 应用启动
2025-03-30 11:12:45 
: 
2025-03-30 11:12:45 [APP-INFO]      : 应用启动
2025-03-30 11:12:49 [USER-INFO]    : User：admin登陆成功
2025-03-30 11:13:28 [APP-INFO]      : 文件重写成功
2025-03-30 11:13:28 [USER-INFO]    : User：admin修改密码成功
2025-03-30 11:13:31 [USER-INFO]    : User：admin退出成功
2025-03-30 11:13:36 [USER-INFO]    : User：admin登陆成功
2025-03-30 11:19:24 
: 
2025-03-30 11:19:24 [APP-INFO]      : 应用启动
2025-03-30 11:19:29 [USER-INFO]    : User：admin登陆成功
2025-03-30 11:22:10 
: 
2025-03-30 11:22:10 [APP-INFO]      : 应用启动
2025-03-30 11:22:15 [USER-INFO]    : User：admin登陆成功
2025-03-30 11:22:28 [APP-INFO]      : 文件重写成功
2025-03-30 11:22:28 [USER-INFO]    : User：admin修改密码成功
2025-03-30 11:23:10 
: 
2025-03-30 11:23:10 [APP-INFO]      : 应用启动
2025-03-30 11:23:18 [USER-INFO]    : User：admin登录失败，原因：密码错误
2025-03-30 11:23:28 [USER-INFO]    : User：admin登陆成功
2025-03-30 11:23:36 [APP-INFO]      : 文件重写成功
2025-03-30 11:23:36 [USER-INFO]    : User：admin修改密码成功
2025-03-30 11:23:41 [FILE-OUT]       : User：admin成功生成文件borrowed_book.html
2025-03-30 11:28:05 
: 
2025-03-30 11:28:05 [APP-INFO]      : 应用启动
2025-03-30 11:28:26 [APP-INFO]      : 软件已退出
2025-03-30 11:28:40 
: 
2025-03-30 11:28:40 [APP-INFO]      : 应用启动
2025-03-30 11:28:57 [USER-INFO]    : User：asdf登陆成功
2025-03-30 11:29:20 [BORROW]        : User：asdf借书成功
2025-03-30 11:29:20 [APP-INFO]      : 文件重写成功
2025-03-30 11:29:37 [APP-INFO]      : 文件重写成功
2025-03-30 11:29:37 [RETURN]        : User：asdf还书成功
2025-03-30 11:29:59 [APP-INFO]      : 文件重写成功
2025-03-30 11:29:59 [USER-INFO]    : User：asdf修改密码成功
2025-03-30 11:30:04 [USER-INFO]    : User：asdf退出成功
2025-03-30 11:30:11 [USER-INFO]    : User：asdf登录失败，原因：密码错误
2025-03-30 11:30:16 [USER-INFO]    : User：asdf登陆成功
2025-03-30 11:30:26 [USER-INFO]    : User：asdf退出成功
2025-03-30 11:30:33 [USER-INFO]    : User：admin登陆成功
2025-03-30 11:31:04 [FILE-OUT]       : User：admin成功生成文件borrowed_book.html
2025-03-30 11:31:29 [APP-INFO]      : 文件重写成功
2025-03-30 11:31:29 [BORROW]        : User：admin借书成功
2025-03-30 11:31:44 [APP-INFO]      : 文件重写成功
2025-03-30 11:31:44 [RETURN]        : User：admin还书成功
2025-03-30 11:31:44 [APP-INFO]      : 文件重写成功
2025-03-30 11:31:59 [APP-INFO]      : 文件重写成功
2025-03-30 11:31:59 [USER-INFO]    : User：admin添加用户plant成功
2025-03-30 11:32:03 [USER-INFO]    : User：admin退出成功
2025-03-30 11:32:10 [USER-INFO]    : User：plant登陆成功
2025-03-30 11:32:16 [BORROW]        : User：plant借书成功
2025-03-30 11:32:16 [APP-INFO]      : 文件重写成功
2025-03-30 11:32:18 [USER-INFO]    : User：plant退出成功
2025-03-30 11:32:24 [USER-INFO]    : User：admin登陆成功
2025-03-30 11:32:30 [FILE-OUT]       : User：admin成功生成文件borrowed_book.html
2025-03-30 11:32:43 [APP-INFO]      : 文件重写成功
2025-03-30 11:32:43 [USER-INFO]    : User：admin删除用户plant成功
2025-03-30 11:32:47 [FILE-OUT]       : User：admin成功生成文件borrowed_book.html
2025-03-30 11:32:58 [USER-INFO]    : User：admin退出成功
2025-03-30 11:33:11 
: 
2025-03-30 11:33:11 [APP-INFO]      : 应用启动
2025-03-30 11:34:16 
: 
2025-03-30 11:34:16 [APP-INFO]      : 应用启动
2025-03-30 11:34:22 [USER-INFO]    : User：asdf登陆成功
2025-03-30 11:34:27 [BORROW]        : User：asdf借书成功
2025-03-30 11:34:27 [APP-INFO]      : 文件重写成功
2025-03-30 11:34:33 [BORROW]        : User：asdf借书失败，原因：借书数量已达上限
2025-03-30 11:45:06 
: 
2025-03-30 11:45:06 [APP-INFO]      : 应用启动
2025-03-30 11:45:25 [USER-INFO]    : User：admin登陆成功
2025-03-30 11:45:38 [APP-INFO]      : 文件重写成功
2025-03-30 11:45:38 [APP-INFO]      : User：admin修改颜色成功
2025-03-30 11:45:45 [APP-INFO]      : 文件重写成功
2025-03-30 11:45:45 [APP-INFO]      : User：admin修改颜色成功
2025-03-30 11:46:23 
: 
2025-03-30 11:46:23 [APP-INFO]      : 应用启动
2025-03-30 11:47:13 
: 
2025-03-30 11:47:13 [APP-INFO]      : 应用启动
